This file contains any messages produced by compilers while
running configure, to aid debugging if configure makes a mistake.

It was created by erlguten configure 0.1, which was
generated by GNU Autoconf 2.67.  Invocation command line was

  $ ./configure 

## --------- ##
## Platform. ##
## --------- ##

hostname = yuanzhiqian-Aspire-4820TG
uname -m = i686
uname -r = 2.6.35-23-generic
uname -s = Linux
uname -v = #41-Ubuntu SMP Wed Nov 24 10:18:49 UTC 2010

/usr/bin/uname -p = unknown
/bin/uname -X     = unknown

/bin/arch              = unknown
/usr/bin/arch -k       = unknown
/usr/convex/getsysinfo = unknown
/usr/bin/hostinfo      = unknown
/bin/machine           = unknown
/usr/bin/oslevel       = unknown
/bin/universe          = unknown

PATH: /home/yuanzhiqian/narwhal/bin
PATH: /usr/share/jdk1.6.0_22/bin
PATH: /usr/local/sbin
PATH: /usr/local/bin
PATH: /usr/sbin
PATH: /usr/bin
PATH: /sbin
PATH: /bin
PATH: /usr/games


## ----------- ##
## Core tests. ##
## ----------- ##

configure:1819: checking for erl
configure:1837: found /usr/bin/erl
configure:1849: result: /usr/bin/erl
configure:1928: checking for erlc
configure:1946: found /usr/bin/erlc
configure:1958: result: /usr/bin/erlc
configure:1988: checking for Erlang/OTP root directory
configure:2014: $ERLC $ERLCFLAGS -b beam conftest.$ac_ext >&5 && echo "#!/bin/sh" > conftest$ac_exeext && $as_echo "\"$ERL\" -run conftest start -run init stop -noshell" >> conftest$ac_exeext && chmod +x conftest$ac_exeext
configure:2014: $? = 0
configure:2014: ./conftest
configure:2014: $? = 0
configure:2035: result: /usr/lib/erlang
configure:2090: checking for gcc
configure:2106: found /usr/bin/gcc
configure:2117: result: gcc
configure:2346: checking for C compiler version
configure:2355: gcc --version >&5
gcc (Ubuntu/Linaro 4.4.4-14ubuntu5) 4.4.5
Copyright (C) 2010 Free Software Foundation, Inc.
This is free software; see the source for copying conditions.  There is NO
warranty; not even for MERCHANTABILITY or FITNESS FOR A PARTICULAR PURPOSE.

configure:2366: $? = 0
configure:2355: gcc -v >&5
Using built-in specs.
Target: i686-linux-gnu
Configured with: ../src/configure -v --with-pkgversion='Ubuntu/Linaro 4.4.4-14ubuntu5' --with-bugurl=file:///usr/share/doc/gcc-4.4/README.Bugs --enable-languages=c,c++,fortran,objc,obj-c++ --prefix=/usr --program-suffix=-4.4 --enable-shared --enable-multiarch --enable-linker-build-id --with-system-zlib --libexecdir=/usr/lib --without-included-gettext --enable-threads=posix --with-gxx-include-dir=/usr/include/c++/4.4 --libdir=/usr/lib --enable-nls --with-sysroot=/ --enable-clocale=gnu --enable-libstdcxx-debug --enable-objc-gc --enable-targets=all --disable-werror --with-arch-32=i686 --with-tune=generic --enable-checking=release --build=i686-linux-gnu --host=i686-linux-gnu --target=i686-linux-gnu
Thread model: posix
gcc version 4.4.5 (Ubuntu/Linaro 4.4.4-14ubuntu5) 
configure:2366: $? = 0
configure:2355: gcc -V >&5
gcc: '-V' option must have argument
configure:2366: $? = 1
configure:2355: gcc -qversion >&5
gcc: unrecognized option '-qversion'
gcc: no input files
configure:2366: $? = 1
configure:2386: checking whether the C compiler works
configure:2408: gcc    conftest.c  >&5
configure:2412: $? = 0
configure:2460: result: yes
configure:2463: checking for C compiler default output file name
configure:2465: result: a.out
configure:2471: checking for suffix of executables
configure:2478: gcc -o conftest    conftest.c  >&5
configure:2482: $? = 0
configure:2504: result: 
configure:2526: checking whether we are cross compiling
configure:2534: gcc -o conftest    conftest.c  >&5
configure:2538: $? = 0
configure:2545: ./conftest
configure:2549: $? = 0
configure:2564: result: no
configure:2569: checking for suffix of object files
configure:2591: gcc -c   conftest.c >&5
configure:2595: $? = 0
configure:2616: result: o
configure:2620: checking whether we are using the GNU C compiler
configure:2639: gcc -c   conftest.c >&5
configure:2639: $? = 0
configure:2648: result: yes
configure:2657: checking whether gcc accepts -g
configure:2677: gcc -c -g  conftest.c >&5
configure:2677: $? = 0
configure:2718: result: yes
configure:2735: checking for gcc option to accept ISO C89
configure:2799: gcc  -c -g -O2  conftest.c >&5
configure:2799: $? = 0
configure:2812: result: none needed
configure:3014: creating ./config.status

## ---------------------- ##
## Running config.status. ##
## ---------------------- ##

This file was extended by erlguten config.status 0.1, which was
generated by GNU Autoconf 2.67.  Invocation command line was

  CONFIG_FILES    = 
  CONFIG_HEADERS  = 
  CONFIG_LINKS    = 
  CONFIG_COMMANDS = 
  $ ./config.status 

on yuanzhiqian-Aspire-4820TG

config.status:740: creating include.mk
config.status:900: executing default commands

## ---------------- ##
## Cache variables. ##
## ---------------- ##

ac_cv_c_compiler_gnu=yes
ac_cv_env_CC_set=
ac_cv_env_CC_value=
ac_cv_env_CFLAGS_set=
ac_cv_env_CFLAGS_value=
ac_cv_env_CPPFLAGS_set=
ac_cv_env_CPPFLAGS_value=
ac_cv_env_ERLCFLAGS_set=
ac_cv_env_ERLCFLAGS_value=
ac_cv_env_ERLC_set=
ac_cv_env_ERLC_value=
ac_cv_env_ERL_set=
ac_cv_env_ERL_value=
ac_cv_env_LDFLAGS_set=
ac_cv_env_LDFLAGS_value=
ac_cv_env_LIBS_set=
ac_cv_env_LIBS_value=
ac_cv_env_build_alias_set=
ac_cv_env_build_alias_value=
ac_cv_env_host_alias_set=
ac_cv_env_host_alias_value=
ac_cv_env_target_alias_set=
ac_cv_env_target_alias_value=
ac_cv_erlang_root_dir=/usr/lib/erlang
ac_cv_objext=o
ac_cv_path_ac_pt_ERL=/usr/bin/erl
ac_cv_path_ac_pt_ERLC=/usr/bin/erlc
ac_cv_prog_ac_ct_CC=gcc
ac_cv_prog_cc_c89=
ac_cv_prog_cc_g=yes

## ----------------- ##
## Output variables. ##
## ----------------- ##

CC='gcc'
CFLAGS='-g -O2'
CPPFLAGS=''
DEFS='-DPACKAGE_NAME=\"erlguten\" -DPACKAGE_TARNAME=\"erlguten\" -DPACKAGE_VERSION=\"0.1\" -DPACKAGE_STRING=\"erlguten\ 0.1\" -DPACKAGE_BUGREPORT=\"tobbe@tornkvist.org\" -DPACKAGE_URL=\"\"'
ECHO_C=''
ECHO_N='-n'
ECHO_T=''
EG_DIR='/home/yuanzhiqian/Documents/richcarl-erlguten-67e8c39'
ERL='/usr/bin/erl'
ERLANG_ROOT_DIR='/usr/lib/erlang'
ERLC='/usr/bin/erlc'
ERLCFLAGS=''
EXEEXT=''
LDFLAGS=''
LD_SHARED='ld -shared'
LIBOBJS=''
LIBS=''
LTLIBOBJS=''
OBJEXT='o'
PACKAGE_BUGREPORT='tobbe@tornkvist.org'
PACKAGE_NAME='erlguten'
PACKAGE_STRING='erlguten 0.1'
PACKAGE_TARNAME='erlguten'
PACKAGE_URL=''
PACKAGE_VERSION='0.1'
PATH_SEPARATOR=':'
SHELL='/bin/bash'
ac_ct_CC='gcc'
bindir='${exec_prefix}/bin'
build_alias=''
datadir='${datarootdir}'
datarootdir='${prefix}/share'
docdir='${datarootdir}/doc/${PACKAGE_TARNAME}'
dvidir='${docdir}'
exec_prefix='${prefix}'
host_alias=''
htmldir='${docdir}'
includedir='${prefix}/include'
infodir='${datarootdir}/info'
libdir='${exec_prefix}/lib'
libexecdir='${exec_prefix}/libexec'
localedir='${datarootdir}/locale'
localstatedir='${prefix}/var'
mandir='${datarootdir}/man'
oldincludedir='/usr/include'
pdfdir='${docdir}'
prefix='/usr/local'
program_transform_name='s,x,x,'
psdir='${docdir}'
sbindir='${exec_prefix}/sbin'
sharedstatedir='${prefix}/com'
sysconfdir='${prefix}/etc'
target_alias=''

## ----------- ##
## confdefs.h. ##
## ----------- ##

/* confdefs.h */
#define PACKAGE_NAME "erlguten"
#define PACKAGE_TARNAME "erlguten"
#define PACKAGE_VERSION "0.1"
#define PACKAGE_STRING "erlguten 0.1"
#define PACKAGE_BUGREPORT "tobbe@tornkvist.org"
#define PACKAGE_URL ""

configure: exit 0
